<?xml version="1.0" encoding="UTF-8"?>
<!-- Generated by org.testng.reporters.JUnitXMLReporter -->
<testsuite ignored="0" hostname="DESKTOP-8VVGM8J" failures="2" tests="12" name="Different features of test" time="43.577" errors="0" timestamp="2023-08-22T15:39:47 IST">
  <testcase classname="com.test.GoogleTitleTest" name="googleTitleTest" time="0.019">
    <failure type="java.lang.AssertionError" message="Title is not matching expected [Google123] but found [Google]">
      <![CDATA[java.lang.AssertionError: Title is not matching expected [Google123] but found [Google]
at com.test.GoogleTitleTest.googleTitleTest(GoogleTitleTest.java:36)
at java.base/java.util.ArrayList.forEach(ArrayList.java:1511)
... Removed 32 stack frames]]>
    </failure>
  </testcase> <!-- googleTitleTest -->
  <testcase classname="com.test.GoogleTitleTest" name="googleLogoTest" time="0.035"/>
  <testcase classname="com.test.GoogleTest" name="googleTitleTest" time="0.013"/>
  <testcase classname="com.test.GoogleTest" name="googleLogoTest" time="0.032"/>
  <testcase classname="com.test.GoogleTest" name="mailLinkTest" time="0.032"/>
  <testcase classname="com.test.GoogleTest" name="test4" time="0.001"/>
  <testcase classname="com.test.GoogleTest" name="test5" time="0.0"/>
  <testcase classname="com.test.GoogleTest" name="test6" time="0.001"/>
  <testcase classname="com.test.TestNGFeatures" name="RegPageTest" time="0.001"/>
  <testcase classname="com.test.TestNGFeatures" name="loginTest" time="0.001">
    <failure type="java.lang.ArithmeticException" message="/ by zero">
      <![CDATA[java.lang.ArithmeticException: / by zero
at com.test.TestNGFeatures.loginTest(TestNGFeatures.java:11)
at java.base/java.util.ArrayList.forEach(ArrayList.java:1511)
... Removed 27 stack frames]]>
    </failure>
  </testcase> <!-- loginTest -->
  <testcase classname="com.test.TestNGFeatures" name="HomePageTest" time="0.0">
    <skipped/>
  </testcase> <!-- HomePageTest -->
  <testcase classname="com.test.TestNGFeatures" name="SearchPageTest" time="0.0">
    <skipped/>
  </testcase> <!-- SearchPageTest -->
</testsuite> <!-- Different features of test -->
